<?xml version="1.0" encoding="UTF-8"?>
<!-- Generated by org.testng.reporters.JUnitReportReporter -->
<testsuite hostname="Nijeesh" failures="0" tests="7" name="nijeeshqwy.ShopMerchantOverAll" time="25.533" errors="0" timestamp="2024-01-22T17:48:42 IST" skipped="0">
  <testcase classname="nijeeshqwy.ShopMerchantOverAll" name="loginTest" time="3.350"/>
  <testcase classname="nijeeshqwy.ShopMerchantOverAll" name="categoryListsTest" time="0.753"/>
  <testcase classname="nijeeshqwy.ShopMerchantOverAll" name="categorySearchTest" time="0.265"/>
  <testcase classname="nijeeshqwy.ShopMerchantOverAll" name="categoryRequestTest" time="6.160"/>
  <testcase classname="nijeeshqwy.ShopMerchantOverAll" name="shopInventory" time="6.165"/>
  <testcase classname="nijeeshqwy.ShopMerchantOverAll" name="shopInventorySearch" time="4.246"/>
  <testcase classname="nijeeshqwy.ShopMerchantOverAll" name="shopInventoryEdit" time="4.594"/>
</testsuite> <!-- nijeeshqwy.ShopMerchantOverAll -->
