<?xml version="1.0" encoding="UTF-8"?>
<!-- Generated by org.testng.reporters.JUnitReportReporter -->
<testsuite hostname="Nijeesh" failures="0" tests="1" name="nijeeshqwy.ShopMerchantOverAll" time="1.227" errors="0" timestamp="2024-03-27T13:38:21 IST" skipped="0">
  <testcase classname="nijeeshqwy.ShopMerchantOverAll" name="categoryListsTest" time="1.227"/>
</testsuite> <!-- nijeeshqwy.ShopMerchantOverAll -->
