<?xml version="1.0" encoding="UTF-8"?>
<!-- Generated by org.testng.reporters.JUnitReportReporter -->
<testsuite hostname="Nijeesh" failures="0" tests="5" name="nijeeshqwy.CustomerWebLoginErrorValidation" time="19.608" errors="0" timestamp="2024-03-27T11:02:08 IST" skipped="0">
  <testcase classname="nijeeshqwy.CustomerWebLoginErrorValidation" name="testEmptyCredentials" time="1.359"/>
  <testcase classname="nijeeshqwy.CustomerWebLoginErrorValidation" name="testInvalidCredentials" time="5.768"/>
  <testcase classname="nijeeshqwy.CustomerWebLoginErrorValidation" name="testIncorrectUsername" time="6.075"/>
  <testcase classname="nijeeshqwy.CustomerWebLoginErrorValidation" name="testIncorrectPassword" time="6.078"/>
  <testcase classname="nijeeshqwy.CustomerWebLoginErrorValidation" name="testAcceptingChar" time="0.328"/>
</testsuite> <!-- nijeeshqwy.CustomerWebLoginErrorValidation -->
