<?xml version="1.0" encoding="UTF-8"?>
<!-- Generated by org.testng.reporters.JUnitReportReporter -->
<testsuite hostname="Nijeesh" failures="0" tests="1" name="nijeeshqwy.ShopMerchantOverAll" time="12.360" errors="0" timestamp="2024-01-17T16:42:37 IST" skipped="0">
  <testcase classname="nijeeshqwy.ShopMerchantOverAll" name="shopInventoryEdit" time="12.360"/>
</testsuite> <!-- nijeeshqwy.ShopMerchantOverAll -->
