<?xml version="1.0" encoding="UTF-8"?>
<!-- Generated by org.testng.reporters.JUnitReportReporter -->
<testsuite hostname="Nijeesh" failures="0" tests="3" name="nijeeshqwy.CustomerWebFramework" time="25.869" errors="0" timestamp="2024-01-22T12:41:43 IST" skipped="0">
  <testcase classname="nijeeshqwy.CustomerWebFramework" name="performLogin" time="4.506"/>
  <testcase classname="nijeeshqwy.CustomerWebFramework" name="performAddToCart" time="15.258"/>
  <testcase classname="nijeeshqwy.CustomerWebFramework" name="performPayment" time="6.105"/>
</testsuite> <!-- nijeeshqwy.CustomerWebFramework -->
