<?xml version="1.0" encoding="UTF-8"?>
<!-- Generated by org.testng.reporters.JUnitReportReporter -->
<testsuite hostname="Nijeesh" failures="0" tests="3" name="nijeeshqwy.CustomerWebFramework" time="19.816" errors="0" timestamp="2024-03-27T11:21:23 IST" skipped="0">
  <testcase classname="nijeeshqwy.CustomerWebFramework" name="performLogin" time="2.802"/>
  <testcase classname="nijeeshqwy.CustomerWebFramework" name="performAddToCart" time="11.852"/>
  <testcase classname="nijeeshqwy.CustomerWebFramework" name="performPayment" time="5.162"/>
</testsuite> <!-- nijeeshqwy.CustomerWebFramework -->
